CRITICAL - 2023-09-18 02:18:13 --> Invalid file: "products.php"
in SYSTEMPATH\Exceptions\FrameworkException.php on line 39.
 1 SYSTEMPATH\View\View.php(214): CodeIgniter\Exceptions\FrameworkException::forInvalidFile('products.php')
 2 SYSTEMPATH\Common.php(1188): CodeIgniter\View\View->render('products', [], true)
 3 APPPATH\Controllers\ProductController.php(15): view('products')
 4 SYSTEMPATH\CodeIgniter.php(919): App\Controllers\ProductController->laramel20()
 5 SYSTEMPATH\CodeIgniter.php(494): CodeIgniter\CodeIgniter->runController(Object(App\Controllers\ProductController))
 6 SYSTEMPATH\CodeIgniter.php(353): CodeIgniter\CodeIgniter->handleRequest(null, Object(Config\Cache), false)
 7 FCPATH\index.php(79): CodeIgniter\CodeIgniter->run()
 8 SYSTEMPATH\Commands\Server\rewrite.php(47): require_once('C:\\laragon\\www\\lara\\tests\\crudtest\\public\\index.php')
CRITICAL - 2023-09-18 02:18:14 --> Invalid file: "products.php"
in SYSTEMPATH\Exceptions\FrameworkException.php on line 39.
 1 SYSTEMPATH\View\View.php(214): CodeIgniter\Exceptions\FrameworkException::forInvalidFile('products.php')
 2 SYSTEMPATH\Common.php(1188): CodeIgniter\View\View->render('products', [], true)
 3 APPPATH\Controllers\ProductController.php(15): view('products')
 4 SYSTEMPATH\CodeIgniter.php(919): App\Controllers\ProductController->laramel20()
 5 SYSTEMPATH\CodeIgniter.php(494): CodeIgniter\CodeIgniter->runController(Object(App\Controllers\ProductController))
 6 SYSTEMPATH\CodeIgniter.php(353): CodeIgniter\CodeIgniter->handleRequest(null, Object(Config\Cache), false)
 7 FCPATH\index.php(79): CodeIgniter\CodeIgniter->run()
 8 SYSTEMPATH\Commands\Server\rewrite.php(47): require_once('C:\\laragon\\www\\lara\\tests\\crudtest\\public\\index.php')
CRITICAL - 2023-09-18 02:18:23 --> Invalid file: "products.php"
in SYSTEMPATH\Exceptions\FrameworkException.php on line 39.
 1 SYSTEMPATH\View\View.php(214): CodeIgniter\Exceptions\FrameworkException::forInvalidFile('products.php')
 2 SYSTEMPATH\Common.php(1188): CodeIgniter\View\View->render('products', [], true)
 3 APPPATH\Controllers\ProductController.php(15): view('products')
 4 SYSTEMPATH\CodeIgniter.php(919): App\Controllers\ProductController->laramel20()
 5 SYSTEMPATH\CodeIgniter.php(494): CodeIgniter\CodeIgniter->runController(Object(App\Controllers\ProductController))
 6 SYSTEMPATH\CodeIgniter.php(353): CodeIgniter\CodeIgniter->handleRequest(null, Object(Config\Cache), false)
 7 FCPATH\index.php(79): CodeIgniter\CodeIgniter->run()
 8 SYSTEMPATH\Commands\Server\rewrite.php(47): require_once('C:\\laragon\\www\\lara\\tests\\crudtest\\public\\index.php')
CRITICAL - 2023-09-18 02:18:25 --> Invalid file: "products.php"
in SYSTEMPATH\Exceptions\FrameworkException.php on line 39.
 1 SYSTEMPATH\View\View.php(214): CodeIgniter\Exceptions\FrameworkException::forInvalidFile('products.php')
 2 SYSTEMPATH\Common.php(1188): CodeIgniter\View\View->render('products', [], true)
 3 APPPATH\Controllers\ProductController.php(15): view('products')
 4 SYSTEMPATH\CodeIgniter.php(919): App\Controllers\ProductController->laramel20()
 5 SYSTEMPATH\CodeIgniter.php(494): CodeIgniter\CodeIgniter->runController(Object(App\Controllers\ProductController))
 6 SYSTEMPATH\CodeIgniter.php(353): CodeIgniter\CodeIgniter->handleRequest(null, Object(Config\Cache), false)
 7 FCPATH\index.php(79): CodeIgniter\CodeIgniter->run()
 8 SYSTEMPATH\Commands\Server\rewrite.php(47): require_once('C:\\laragon\\www\\lara\\tests\\crudtest\\public\\index.php')
CRITICAL - 2023-09-18 02:20:07 --> Invalid file: "products.php"
in SYSTEMPATH\Exceptions\FrameworkException.php on line 39.
 1 SYSTEMPATH\View\View.php(214): CodeIgniter\Exceptions\FrameworkException::forInvalidFile('products.php')
 2 SYSTEMPATH\Common.php(1188): CodeIgniter\View\View->render('products', [], true)
 3 APPPATH\Controllers\ProductController.php(15): view('products')
 4 SYSTEMPATH\CodeIgniter.php(919): App\Controllers\ProductController->laramel20()
 5 SYSTEMPATH\CodeIgniter.php(494): CodeIgniter\CodeIgniter->runController(Object(App\Controllers\ProductController))
 6 SYSTEMPATH\CodeIgniter.php(353): CodeIgniter\CodeIgniter->handleRequest(null, Object(Config\Cache), false)
 7 FCPATH\index.php(79): CodeIgniter\CodeIgniter->run()
 8 SYSTEMPATH\Commands\Server\rewrite.php(47): require_once('C:\\laragon\\www\\lara\\tests\\crudtest\\public\\index.php')
CRITICAL - 2023-09-18 02:20:08 --> Invalid file: "products.php"
in SYSTEMPATH\Exceptions\FrameworkException.php on line 39.
 1 SYSTEMPATH\View\View.php(214): CodeIgniter\Exceptions\FrameworkException::forInvalidFile('products.php')
 2 SYSTEMPATH\Common.php(1188): CodeIgniter\View\View->render('products', [], true)
 3 APPPATH\Controllers\ProductController.php(15): view('products')
 4 SYSTEMPATH\CodeIgniter.php(919): App\Controllers\ProductController->laramel20()
 5 SYSTEMPATH\CodeIgniter.php(494): CodeIgniter\CodeIgniter->runController(Object(App\Controllers\ProductController))
 6 SYSTEMPATH\CodeIgniter.php(353): CodeIgniter\CodeIgniter->handleRequest(null, Object(Config\Cache), false)
 7 FCPATH\index.php(79): CodeIgniter\CodeIgniter->run()
 8 SYSTEMPATH\Commands\Server\rewrite.php(47): require_once('C:\\laragon\\www\\lara\\tests\\crudtest\\public\\index.php')
CRITICAL - 2023-09-18 02:20:08 --> Invalid file: "products.php"
in SYSTEMPATH\Exceptions\FrameworkException.php on line 39.
 1 SYSTEMPATH\View\View.php(214): CodeIgniter\Exceptions\FrameworkException::forInvalidFile('products.php')
 2 SYSTEMPATH\Common.php(1188): CodeIgniter\View\View->render('products', [], true)
 3 APPPATH\Controllers\ProductController.php(15): view('products')
 4 SYSTEMPATH\CodeIgniter.php(919): App\Controllers\ProductController->laramel20()
 5 SYSTEMPATH\CodeIgniter.php(494): CodeIgniter\CodeIgniter->runController(Object(App\Controllers\ProductController))
 6 SYSTEMPATH\CodeIgniter.php(353): CodeIgniter\CodeIgniter->handleRequest(null, Object(Config\Cache), false)
 7 FCPATH\index.php(79): CodeIgniter\CodeIgniter->run()
 8 SYSTEMPATH\Commands\Server\rewrite.php(47): require_once('C:\\laragon\\www\\lara\\tests\\crudtest\\public\\index.php')
CRITICAL - 2023-09-18 02:20:08 --> Invalid file: "products.php"
in SYSTEMPATH\Exceptions\FrameworkException.php on line 39.
 1 SYSTEMPATH\View\View.php(214): CodeIgniter\Exceptions\FrameworkException::forInvalidFile('products.php')
 2 SYSTEMPATH\Common.php(1188): CodeIgniter\View\View->render('products', [], true)
 3 APPPATH\Controllers\ProductController.php(15): view('products')
 4 SYSTEMPATH\CodeIgniter.php(919): App\Controllers\ProductController->laramel20()
 5 SYSTEMPATH\CodeIgniter.php(494): CodeIgniter\CodeIgniter->runController(Object(App\Controllers\ProductController))
 6 SYSTEMPATH\CodeIgniter.php(353): CodeIgniter\CodeIgniter->handleRequest(null, Object(Config\Cache), false)
 7 FCPATH\index.php(79): CodeIgniter\CodeIgniter->run()
 8 SYSTEMPATH\Commands\Server\rewrite.php(47): require_once('C:\\laragon\\www\\lara\\tests\\crudtest\\public\\index.php')
CRITICAL - 2023-09-18 02:24:33 --> Invalid file: ".php"
in SYSTEMPATH\Exceptions\FrameworkException.php on line 39.
 1 SYSTEMPATH\View\View.php(214): CodeIgniter\Exceptions\FrameworkException::forInvalidFile('.php')
 2 SYSTEMPATH\Common.php(1188): CodeIgniter\View\View->render('', [], true)
 3 APPPATH\Controllers\ProductController.php(15): view('')
 4 SYSTEMPATH\CodeIgniter.php(919): App\Controllers\ProductController->laramel20()
 5 SYSTEMPATH\CodeIgniter.php(494): CodeIgniter\CodeIgniter->runController(Object(App\Controllers\ProductController))
 6 SYSTEMPATH\CodeIgniter.php(353): CodeIgniter\CodeIgniter->handleRequest(null, Object(Config\Cache), false)
 7 FCPATH\index.php(79): CodeIgniter\CodeIgniter->run()
 8 SYSTEMPATH\Commands\Server\rewrite.php(47): require_once('C:\\laragon\\www\\lara\\tests\\crudtest\\public\\index.php')
CRITICAL - 2023-09-18 02:24:34 --> Invalid file: ".php"
in SYSTEMPATH\Exceptions\FrameworkException.php on line 39.
 1 SYSTEMPATH\View\View.php(214): CodeIgniter\Exceptions\FrameworkException::forInvalidFile('.php')
 2 SYSTEMPATH\Common.php(1188): CodeIgniter\View\View->render('', [], true)
 3 APPPATH\Controllers\ProductController.php(15): view('')
 4 SYSTEMPATH\CodeIgniter.php(919): App\Controllers\ProductController->laramel20()
 5 SYSTEMPATH\CodeIgniter.php(494): CodeIgniter\CodeIgniter->runController(Object(App\Controllers\ProductController))
 6 SYSTEMPATH\CodeIgniter.php(353): CodeIgniter\CodeIgniter->handleRequest(null, Object(Config\Cache), false)
 7 FCPATH\index.php(79): CodeIgniter\CodeIgniter->run()
 8 SYSTEMPATH\Commands\Server\rewrite.php(47): require_once('C:\\laragon\\www\\lara\\tests\\crudtest\\public\\index.php')
CRITICAL - 2023-09-18 02:25:55 --> Invalid file: ".php"
in SYSTEMPATH\Exceptions\FrameworkException.php on line 39.
 1 SYSTEMPATH\View\View.php(214): CodeIgniter\Exceptions\FrameworkException::forInvalidFile('.php')
 2 SYSTEMPATH\Common.php(1188): CodeIgniter\View\View->render('', [], true)
 3 APPPATH\Controllers\ProductController.php(15): view('')
 4 SYSTEMPATH\CodeIgniter.php(919): App\Controllers\ProductController->laramel20()
 5 SYSTEMPATH\CodeIgniter.php(494): CodeIgniter\CodeIgniter->runController(Object(App\Controllers\ProductController))
 6 SYSTEMPATH\CodeIgniter.php(353): CodeIgniter\CodeIgniter->handleRequest(null, Object(Config\Cache), false)
 7 FCPATH\index.php(79): CodeIgniter\CodeIgniter->run()
 8 SYSTEMPATH\Commands\Server\rewrite.php(47): require_once('C:\\laragon\\www\\lara\\tests\\crudtest\\public\\index.php')
CRITICAL - 2023-09-18 02:26:08 --> Invalid file: ".php"
in SYSTEMPATH\Exceptions\FrameworkException.php on line 39.
 1 SYSTEMPATH\View\View.php(214): CodeIgniter\Exceptions\FrameworkException::forInvalidFile('.php')
 2 SYSTEMPATH\Common.php(1188): CodeIgniter\View\View->render('', [], true)
 3 APPPATH\Controllers\ProductController.php(15): view('')
 4 SYSTEMPATH\CodeIgniter.php(919): App\Controllers\ProductController->laramel20()
 5 SYSTEMPATH\CodeIgniter.php(494): CodeIgniter\CodeIgniter->runController(Object(App\Controllers\ProductController))
 6 SYSTEMPATH\CodeIgniter.php(353): CodeIgniter\CodeIgniter->handleRequest(null, Object(Config\Cache), false)
 7 FCPATH\index.php(79): CodeIgniter\CodeIgniter->run()
 8 SYSTEMPATH\Commands\Server\rewrite.php(47): require_once('C:\\laragon\\www\\lara\\tests\\crudtest\\public\\index.php')
CRITICAL - 2023-09-18 02:28:04 --> Invalid file: ".php"
in SYSTEMPATH\Exceptions\FrameworkException.php on line 39.
 1 SYSTEMPATH\View\View.php(214): CodeIgniter\Exceptions\FrameworkException::forInvalidFile('.php')
 2 SYSTEMPATH\Common.php(1188): CodeIgniter\View\View->render('', [], true)
 3 APPPATH\Controllers\ProductController.php(15): view('')
 4 SYSTEMPATH\CodeIgniter.php(919): App\Controllers\ProductController->laramel20()
 5 SYSTEMPATH\CodeIgniter.php(494): CodeIgniter\CodeIgniter->runController(Object(App\Controllers\ProductController))
 6 SYSTEMPATH\CodeIgniter.php(353): CodeIgniter\CodeIgniter->handleRequest(null, Object(Config\Cache), false)
 7 FCPATH\index.php(79): CodeIgniter\CodeIgniter->run()
 8 SYSTEMPATH\Commands\Server\rewrite.php(47): require_once('C:\\laragon\\www\\lara\\tests\\crudtest\\public\\index.php')
CRITICAL - 2023-09-18 02:28:06 --> Invalid file: ".php"
in SYSTEMPATH\Exceptions\FrameworkException.php on line 39.
 1 SYSTEMPATH\View\View.php(214): CodeIgniter\Exceptions\FrameworkException::forInvalidFile('.php')
 2 SYSTEMPATH\Common.php(1188): CodeIgniter\View\View->render('', [], true)
 3 APPPATH\Controllers\ProductController.php(15): view('')
 4 SYSTEMPATH\CodeIgniter.php(919): App\Controllers\ProductController->laramel20()
 5 SYSTEMPATH\CodeIgniter.php(494): CodeIgniter\CodeIgniter->runController(Object(App\Controllers\ProductController))
 6 SYSTEMPATH\CodeIgniter.php(353): CodeIgniter\CodeIgniter->handleRequest(null, Object(Config\Cache), false)
 7 FCPATH\index.php(79): CodeIgniter\CodeIgniter->run()
 8 SYSTEMPATH\Commands\Server\rewrite.php(47): require_once('C:\\laragon\\www\\lara\\tests\\crudtest\\public\\index.php')
